<?xml version="1.0" encoding="UTF-8"?>
<!-- Generated by org.testng.reporters.JUnitReportReporter -->
<testsuite hostname="TYSS-Akash-Deb" failures="0" tests="1" name="home_Module.ToVerifyHomePageTitle" time="5.450" errors="0" timestamp="2023-10-21T10:37:46 IST" skipped="0">
  <testcase classname="home_Module.ToVerifyHomePageTitle" name="toverifyHomePage" time="5.450"/>
</testsuite> <!-- home_Module.ToVerifyHomePageTitle -->
